# JRE version: Java(TM) SE Runtime Environment (8.0_171-b11) (build 1.8.0_171-b11)
# Java VM: Java HotSpot(TM) 64-Bit Server VM (25.171-b11 mixed mode windows-amd64 compressed oops)
Heap:
 PSYoungGen      total 193024K, used 104535K [0x00000000d5580000, 0x00000000e5180000, 0x0000000100000000)
  eden space 174080K, 49% used [0x00000000d5580000,0x00000000da9192e8,0x00000000dff80000)
  from space 18944K, 99% used [0x00000000e1d00000,0x00000000e2f7ca00,0x00000000e2f80000)
  to   space 30208K, 0% used [0x00000000dff80000,0x00000000dff80000,0x00000000e1d00000)
 ParOldGen       total 119808K, used 57164K [0x0000000080000000, 0x0000000087500000, 0x00000000d5580000)
  object space 119808K, 47% used [0x0000000080000000,0x00000000837d3348,0x0000000087500000)
 Metaspace       used 75886K, capacity 81882K, committed 82048K, reserved 1118208K
  class space    used 11083K, capacity 12316K, committed 12416K, reserved 1048576K
GC Heap History (10 events):
Event: 27.647 GC heap before
{Heap before GC invocations=17 (full 2):
 PSYoungGen      total 139264K, used 54547K [0x00000000d5580000, 0x00000000df000000, 0x0000000100000000)
  eden space 125440K, 34% used [0x00000000d5580000,0x00000000d7f81fd8,0x00000000dd000000)
  from space 13824K, 83% used [0x00000000ddf00000,0x00000000dea42c60,0x00000000dec80000)
  to   space 15360K, 0% used [0x00000000dd000000,0x00000000dd000000,0x00000000ddf00000)
 ParOldGen       total 78848K, used 23828K [0x0000000080000000, 0x0000000084d00000, 0x00000000d5580000)
  object space 78848K, 30% used [0x0000000080000000,0x0000000081745070,0x0000000084d00000)
 Metaspace       used 56634K, capacity 59070K, committed 59136K, reserved 1099776K
  class space    used 7924K, capacity 8436K, committed 8448K, reserved 1048576K
Event: 27.682 GC heap after
Heap after GC invocations=17 (full 2):
 PSYoungGen      total 140800K, used 5411K [0x00000000d5580000, 0x00000000e1980000, 0x0000000100000000)
  eden space 125440K, 0% used [0x00000000d5580000,0x00000000d5580000,0x00000000dd000000)
  from space 15360K, 35% used [0x00000000dd000000,0x00000000dd548e90,0x00000000ddf00000)
  to   space 14848K, 0% used [0x00000000e0b00000,0x00000000e0b00000,0x00000000e1980000)
 ParOldGen       total 78848K, used 30408K [0x0000000080000000, 0x0000000084d00000, 0x00000000d5580000)
  object space 78848K, 38% used [0x0000000080000000,0x0000000081db2368,0x0000000084d00000)
 Metaspace       used 56634K, capacity 59070K, committed 59136K, reserved 1099776K
  class space    used 7924K, capacity 8436K, committed 8448K, reserved 1048576K
}
Event: 27.682 GC heap before
{Heap before GC invocations=18 (full 3):
 PSYoungGen      total 140800K, used 5411K [0x00000000d5580000, 0x00000000e1980000, 0x0000000100000000)
  eden space 125440K, 0% used [0x00000000d5580000,0x00000000d5580000,0x00000000dd000000)
  from space 15360K, 35% used [0x00000000dd000000,0x00000000dd548e90,0x00000000ddf00000)
  to   space 14848K, 0% used [0x00000000e0b00000,0x00000000e0b00000,0x00000000e1980000)
 ParOldGen       total 78848K, used 30408K [0x0000000080000000, 0x0000000084d00000, 0x00000000d5580000)
  object space 78848K, 38% used [0x0000000080000000,0x0000000081db2368,0x0000000084d00000)
 Metaspace       used 56634K, capacity 59070K, committed 59136K, reserved 1099776K
  class space    used 7924K, capacity 8436K, committed 8448K, reserved 1048576K
Event: 28.104 GC heap after
Heap after GC invocations=18 (full 3):
 PSYoungGen      total 140800K, used 0K [0x00000000d5580000, 0x00000000e1980000, 0x0000000100000000)
  eden space 125440K, 0% used [0x00000000d5580000,0x00000000d5580000,0x00000000dd000000)
  from space 15360K, 0% used [0x00000000dd000000,0x00000000dd000000,0x00000000ddf00000)
  to   space 14848K, 0% used [0x00000000e0b00000,0x00000000e0b00000,0x00000000e1980000)
 ParOldGen       total 119808K, used 32171K [0x0000000080000000, 0x0000000087500000, 0x00000000d5580000)
  object space 119808K, 26% used [0x0000000080000000,0x0000000081f6add8,0x0000000087500000)
 Metaspace       used 56586K, capacity 58908K, committed 59136K, reserved 1099776K
  class space    used 7909K, capacity 8409K, committed 8448K, reserved 1048576K
}
Event: 31.870 GC heap before
{Heap before GC invocations=19 (full 3):
 PSYoungGen      total 140800K, used 125440K [0x00000000d5580000, 0x00000000e1980000, 0x0000000100000000)
  eden space 125440K, 100% used [0x00000000d5580000,0x00000000dd000000,0x00000000dd000000)
  from space 15360K, 0% used [0x00000000dd000000,0x00000000dd000000,0x00000000ddf00000)
  to   space 14848K, 0% used [0x00000000e0b00000,0x00000000e0b00000,0x00000000e1980000)
 ParOldGen       total 119808K, used 32171K [0x0000000080000000, 0x0000000087500000, 0x00000000d5580000)
  object space 119808K, 26% used [0x0000000080000000,0x0000000081f6add8,0x0000000087500000)
 Metaspace       used 63607K, capacity 67074K, committed 67328K, reserved 1107968K
  class space    used 9068K, capacity 9720K, committed 9728K, reserved 1048576K
Event: 31.892 GC heap after
Heap after GC invocations=19 (full 3):
 PSYoungGen      total 171008K, used 12107K [0x00000000d5580000, 0x00000000e1700000, 0x0000000100000000)
  eden space 158720K, 0% used [0x00000000d5580000,0x00000000d5580000,0x00000000df080000)
  from space 12288K, 98% used [0x00000000e0b00000,0x00000000e16d2d68,0x00000000e1700000)
  to   space 15872K, 0% used [0x00000000df800000,0x00000000df800000,0x00000000e0780000)
 ParOldGen       total 119808K, used 32179K [0x0000000080000000, 0x0000000087500000, 0x00000000d5580000)
  object space 119808K, 26% used [0x0000000080000000,0x0000000081f6cdd8,0x0000000087500000)
 Metaspace       used 63607K, capacity 67074K, committed 67328K, reserved 1107968K
  class space    used 9068K, capacity 9720K, committed 9728K, reserved 1048576K
}
Event: 35.381 GC heap before
{Heap before GC invocations=20 (full 3):
 PSYoungGen      total 171008K, used 170824K [0x00000000d5580000, 0x00000000e1700000, 0x0000000100000000)
  eden space 158720K, 99% used [0x00000000d5580000,0x00000000df07f3c0,0x00000000df080000)
  from space 12288K, 98% used [0x00000000e0b00000,0x00000000e16d2d68,0x00000000e1700000)
  to   space 15872K, 0% used [0x00000000df800000,0x00000000df800000,0x00000000e0780000)
 ParOldGen       total 119808K, used 32179K [0x0000000080000000, 0x0000000087500000, 0x00000000d5580000)
  object space 119808K, 26% used [0x0000000080000000,0x0000000081f6cdd8,0x0000000087500000)
 Metaspace       used 65366K, capacity 69026K, committed 69376K, reserved 1107968K
  class space    used 9212K, capacity 9878K, committed 9984K, reserved 1048576K
Event: 35.415 GC heap after
Heap after GC invocations=20 (full 3):
 PSYoungGen      total 182272K, used 15853K [0x00000000d5580000, 0x00000000e2f80000, 0x0000000100000000)
  eden space 166400K, 0% used [0x00000000d5580000,0x00000000d5580000,0x00000000df800000)
  from space 15872K, 99% used [0x00000000df800000,0x00000000e077b560,0x00000000e0780000)
  to   space 18944K, 0% used [0x00000000e1d00000,0x00000000e1d00000,0x00000000e2f80000)
 ParOldGen       total 119808K, used 34148K [0x0000000080000000, 0x0000000087500000, 0x00000000d5580000)
  object space 119808K, 28% used [0x0000000080000000,0x0000000082159168,0x0000000087500000)
 Metaspace       used 65366K, capacity 69026K, committed 69376K, reserved 1107968K
  class space    used 9212K, capacity 9878K, committed 9984K, reserved 1048576K
}
Event: 38.009 GC heap before
{Heap before GC invocations=21 (full 3):
 PSYoungGen      total 182272K, used 182253K [0x00000000d5580000, 0x00000000e2f80000, 0x0000000100000000)
  eden space 166400K, 100% used [0x00000000d5580000,0x00000000df800000,0x00000000df800000)
  from space 15872K, 99% used [0x00000000df800000,0x00000000e077b560,0x00000000e0780000)
  to   space 18944K, 0% used [0x00000000e1d00000,0x00000000e1d00000,0x00000000e2f80000)
 ParOldGen       total 119808K, used 34148K [0x0000000080000000, 0x0000000087500000, 0x00000000d5580000)
  object space 119808K, 28% used [0x0000000080000000,0x0000000082159168,0x0000000087500000)
 Metaspace       used 69658K, capacity 74458K, committed 74624K, reserved 1114112K
  class space    used 9929K, capacity 10776K, committed 10880K, reserved 1048576K
Event: 38.084 GC heap after
Heap after GC invocations=21 (full 3):
 PSYoungGen      total 193024K, used 18930K [0x00000000d5580000, 0x00000000e5180000, 0x0000000100000000)
  eden space 174080K, 0% used [0x00000000d5580000,0x00000000d5580000,0x00000000dff80000)
  from space 18944K, 99% used [0x00000000e1d00000,0x00000000e2f7ca00,0x00000000e2f80000)
  to   space 30208K, 0% used [0x00000000dff80000,0x00000000dff80000,0x00000000e1d00000)
 ParOldGen       total 119808K, used 57164K [0x0000000080000000, 0x0000000087500000, 0x00000000d5580000)
  object space 119808K, 47% used [0x0000000080000000,0x00000000837d3348,0x0000000087500000)
 Metaspace       used 69658K, capacity 74458K, committed 74624K, reserved 1114112K
  class space    used 9929K, capacity 10776K, committed 10880K, reserved 1048576K
}

