# JRE version: Java(TM) SE Runtime Environment (8.0_171-b11) (build 1.8.0_171-b11)
# Java VM: Java HotSpot(TM) 64-Bit Server VM (25.171-b11 mixed mode windows-amd64 compressed oops)
Heap:
 PSYoungGen      total 223744K, used 165063K [0x00000000d5580000, 0x00000000e4e80000, 0x0000000100000000)
  eden space 196608K, 79% used [0x00000000d5580000,0x00000000dee138d0,0x00000000e1580000)
  from space 27136K, 33% used [0x00000000e1580000,0x00000000e1e4d378,0x00000000e3000000)
  to   space 19456K, 0% used [0x00000000e3000000,0x00000000e3000000,0x00000000e4300000)
 ParOldGen       total 113152K, used 112987K [0x0000000080000000, 0x0000000086e80000, 0x00000000d5580000)
  object space 113152K, 99% used [0x0000000080000000,0x0000000086e56e00,0x0000000086e80000)
 Metaspace       used 94508K, capacity 97924K, committed 98688K, reserved 1134592K
  class space    used 12686K, capacity 13358K, committed 13440K, reserved 1048576K
GC Heap History (10 events):
Event: 76.897 GC heap before
{Heap before GC invocations=19 (full 3):
 PSYoungGen      total 152064K, used 148375K [0x00000000d5580000, 0x00000000e2500000, 0x0000000100000000)
  eden space 135680K, 100% used [0x00000000d5580000,0x00000000dda00000,0x00000000dda00000)
  from space 16384K, 77% used [0x00000000dda00000,0x00000000de665d20,0x00000000dea00000)
  to   space 17408K, 0% used [0x00000000e1400000,0x00000000e1400000,0x00000000e2500000)
 ParOldGen       total 113152K, used 30921K [0x0000000080000000, 0x0000000086e80000, 0x00000000d5580000)
  object space 113152K, 27% used [0x0000000080000000,0x0000000081e32770,0x0000000086e80000)
 Metaspace       used 68594K, capacity 71954K, committed 72320K, reserved 1112064K
  class space    used 9621K, capacity 10274K, committed 10368K, reserved 1048576K
Event: 76.928 GC heap after
Heap after GC invocations=19 (full 3):
 PSYoungGen      total 186880K, used 7609K [0x00000000d5580000, 0x00000000e2080000, 0x0000000100000000)
  eden space 174080K, 0% used [0x00000000d5580000,0x00000000d5580000,0x00000000dff80000)
  from space 12800K, 59% used [0x00000000e1400000,0x00000000e1b6e730,0x00000000e2080000)
  to   space 16896K, 0% used [0x00000000dff80000,0x00000000dff80000,0x00000000e1000000)
 ParOldGen       total 113152K, used 38578K [0x0000000080000000, 0x0000000086e80000, 0x00000000d5580000)
  object space 113152K, 34% used [0x0000000080000000,0x00000000825acbf8,0x0000000086e80000)
 Metaspace       used 68594K, capacity 71954K, committed 72320K, reserved 1112064K
  class space    used 9621K, capacity 10274K, committed 10368K, reserved 1048576K
}
Event: 83.292 GC heap before
{Heap before GC invocations=20 (full 3):
 PSYoungGen      total 186880K, used 181689K [0x00000000d5580000, 0x00000000e2080000, 0x0000000100000000)
  eden space 174080K, 100% used [0x00000000d5580000,0x00000000dff80000,0x00000000dff80000)
  from space 12800K, 59% used [0x00000000e1400000,0x00000000e1b6e730,0x00000000e2080000)
  to   space 16896K, 0% used [0x00000000dff80000,0x00000000dff80000,0x00000000e1000000)
 ParOldGen       total 113152K, used 38578K [0x0000000080000000, 0x0000000086e80000, 0x00000000d5580000)
  object space 113152K, 34% used [0x0000000080000000,0x00000000825acbf8,0x0000000086e80000)
 Metaspace       used 73069K, capacity 76686K, committed 76928K, reserved 1116160K
  class space    used 10178K, capacity 10878K, committed 10880K, reserved 1048576K
Event: 83.325 GC heap after
Heap after GC invocations=20 (full 3):
 PSYoungGen      total 190976K, used 16870K [0x00000000d5580000, 0x00000000e4300000, 0x0000000100000000)
  eden space 174080K, 0% used [0x00000000d5580000,0x00000000d5580000,0x00000000dff80000)
  from space 16896K, 99% used [0x00000000dff80000,0x00000000e0ff98f0,0x00000000e1000000)
  to   space 19456K, 0% used [0x00000000e3000000,0x00000000e3000000,0x00000000e4300000)
 ParOldGen       total 113152K, used 38636K [0x0000000080000000, 0x0000000086e80000, 0x00000000d5580000)
  object space 113152K, 34% used [0x0000000080000000,0x00000000825bb3e8,0x0000000086e80000)
 Metaspace       used 73069K, capacity 76686K, committed 76928K, reserved 1116160K
  class space    used 10178K, capacity 10878K, committed 10880K, reserved 1048576K
}
Event: 102.165 GC heap before
{Heap before GC invocations=21 (full 3):
 PSYoungGen      total 190976K, used 190950K [0x00000000d5580000, 0x00000000e4300000, 0x0000000100000000)
  eden space 174080K, 100% used [0x00000000d5580000,0x00000000dff80000,0x00000000dff80000)
  from space 16896K, 99% used [0x00000000dff80000,0x00000000e0ff98f0,0x00000000e1000000)
  to   space 19456K, 0% used [0x00000000e3000000,0x00000000e3000000,0x00000000e4300000)
 ParOldGen       total 113152K, used 38636K [0x0000000080000000, 0x0000000086e80000, 0x00000000d5580000)
  object space 113152K, 34% used [0x0000000080000000,0x00000000825bb3e8,0x0000000086e80000)
 Metaspace       used 86107K, capacity 89822K, committed 89984K, reserved 1126400K
  class space    used 11693K, capacity 12411K, committed 12416K, reserved 1048576K
Event: 102.205 GC heap after
Heap after GC invocations=21 (full 3):
 PSYoungGen      total 216064K, used 19427K [0x00000000d5580000, 0x00000000e4e80000, 0x0000000100000000)
  eden space 196608K, 0% used [0x00000000d5580000,0x00000000d5580000,0x00000000e1580000)
  from space 19456K, 99% used [0x00000000e3000000,0x00000000e42f8f68,0x00000000e4300000)
  to   space 27136K, 0% used [0x00000000e1580000,0x00000000e1580000,0x00000000e3000000)
 ParOldGen       total 113152K, used 52024K [0x0000000080000000, 0x0000000086e80000, 0x00000000d5580000)
  object space 113152K, 45% used [0x0000000080000000,0x00000000832ce308,0x0000000086e80000)
 Metaspace       used 86107K, capacity 89822K, committed 89984K, reserved 1126400K
  class space    used 11693K, capacity 12411K, committed 12416K, reserved 1048576K
}
Event: 105.314 GC heap before
{Heap before GC invocations=22 (full 3):
 PSYoungGen      total 216064K, used 216035K [0x00000000d5580000, 0x00000000e4e80000, 0x0000000100000000)
  eden space 196608K, 100% used [0x00000000d5580000,0x00000000e1580000,0x00000000e1580000)
  from space 19456K, 99% used [0x00000000e3000000,0x00000000e42f8f68,0x00000000e4300000)
  to   space 27136K, 0% used [0x00000000e1580000,0x00000000e1580000,0x00000000e3000000)
 ParOldGen       total 113152K, used 52024K [0x0000000080000000, 0x0000000086e80000, 0x00000000d5580000)
  object space 113152K, 45% used [0x0000000080000000,0x00000000832ce308,0x0000000086e80000)
 Metaspace       used 92342K, capacity 96186K, committed 96512K, reserved 1132544K
  class space    used 12499K, capacity 13265K, committed 13312K, reserved 1048576K
Event: 105.505 GC heap after
Heap after GC invocations=22 (full 3):
 PSYoungGen      total 223744K, used 27109K [0x00000000d5580000, 0x00000000e4e80000, 0x0000000100000000)
  eden space 196608K, 0% used [0x00000000d5580000,0x00000000d5580000,0x00000000e1580000)
  from space 27136K, 99% used [0x00000000e1580000,0x00000000e2ff9548,0x00000000e3000000)
  to   space 19456K, 0% used [0x00000000e3000000,0x00000000e3000000,0x00000000e4300000)
 ParOldGen       total 113152K, used 101752K [0x0000000080000000, 0x0000000086e80000, 0x00000000d5580000)
  object space 113152K, 89% used [0x0000000080000000,0x000000008635e120,0x0000000086e80000)
 Metaspace       used 92342K, capacity 96186K, committed 96512K, reserved 1132544K
  class space    used 12499K, capacity 13265K, committed 13312K, reserved 1048576K
}
Event: 105.506 GC heap before
{Heap before GC invocations=23 (full 4):
 PSYoungGen      total 223744K, used 27109K [0x00000000d5580000, 0x00000000e4e80000, 0x0000000100000000)
  eden space 196608K, 0% used [0x00000000d5580000,0x00000000d5580000,0x00000000e1580000)
  from space 27136K, 99% used [0x00000000e1580000,0x00000000e2ff9548,0x00000000e3000000)
  to   space 19456K, 0% used [0x00000000e3000000,0x00000000e3000000,0x00000000e4300000)
 ParOldGen       total 113152K, used 101752K [0x0000000080000000, 0x0000000086e80000, 0x00000000d5580000)
  object space 113152K, 89% used [0x0000000080000000,0x000000008635e120,0x0000000086e80000)
 Metaspace       used 92342K, capacity 96186K, committed 96512K, reserved 1132544K
  class space    used 12499K, capacity 13265K, committed 13312K, reserved 1048576K
Event: 109.747 GC heap after
Heap after GC invocations=23 (full 4):
 PSYoungGen      total 223744K, used 9012K [0x00000000d5580000, 0x00000000e4e80000, 0x0000000100000000)
  eden space 196608K, 0% used [0x00000000d5580000,0x00000000d5580000,0x00000000e1580000)
  from space 27136K, 33% used [0x00000000e1580000,0x00000000e1e4d378,0x00000000e3000000)
  to   space 19456K, 0% used [0x00000000e3000000,0x00000000e3000000,0x00000000e4300000)
 ParOldGen       total 113152K, used 112987K [0x0000000080000000, 0x0000000086e80000, 0x00000000d5580000)
  object space 113152K, 99% used [0x0000000080000000,0x0000000086e56e00,0x0000000086e80000)
 Metaspace       used 92160K, capacity 95628K, committed 96512K, reserved 1132544K
  class space    used 12443K, capacity 13168K, committed 13312K, reserved 1048576K
}

